<?xml version="1.0" encoding="UTF-8"?>
<!-- Generated by org.testng.reporters.JUnitReportReporter -->
<testsuite skipped="0" hostname="22-PC" name="com.webdemo.VerifyLogin" tests="1" failures="0" timestamp="05 Jun 2020 12:12:08 GMT" time="32.655" errors="0">
  <testcase name="automationTest1" time="32.655" classname="com.webdemo.VerifyLogin"/>
</testsuite> <!-- com.webdemo.VerifyLogin -->
