<?xml version="1.0" encoding="UTF-8"?>
<!-- Generated by org.testng.reporters.JUnitReportReporter -->
<testsuite skipped="0" hostname="22-PC" name="com.webdemo.VerifyLogin" tests="1" failures="0" timestamp="05 Jun 2020 13:51:38 GMT" time="16.957" errors="0">
  <testcase name="automationTest1" time="16.957" classname="com.webdemo.VerifyLogin"/>
</testsuite> <!-- com.webdemo.VerifyLogin -->
